[    0.000000] Initializin cgroup subsys cpuset
[    0.000000] Initializing cgroup subsys cpu
[    0.000000] Initializing cgroup subsys cpuacct
[    0.000000] Linux version 4.4.0-138-generic (buildd@lcy01-amd64-006) (gcc version 5.4.0 20160609 (Ubuntu 5.4.0-6ubuntu1~16.04.10) ) #164-Ubuntu SMP Tue Oct 2 17:16:02 UTC 2018 (Ubuntu 4.4.0-138.164-generic 4.4.155)
[    0.000000] Command line: BOOT_IMAGE=/boot/vmlinuz-4.4.0-138-generic root=LABEL=cloudimg-rootfs ro console=tty1 console=ttyS0
[    0.000000] KERNEL supported cpus:
[    0.000000]   Intel GenuineIntel
[    0.000000]   AMD AuthenticAMD
[    0.000000]   Centaur CentaurHauls
[    0.000000] x86/fpu: xstate_offset[2]:  576, xstate_sizes[2]:  256
[    0.000000] x86/fpu: Supporting XSAVE feature 0x01: 'x87 floating point registers'
[    0.000000] x86/fpu: Supporting XSAVE feature 0x02: 'SSE registers'
[    0.000000] x86/fpu: Supporting XSAVE feature 0x04: 'AVX registers'
[    0.000000] x86/fpu: Enabled xstate features 0x7, context size is 832 bytes, using 'standard' format.
[    0.000000] e820: BIOS-provided physical RAM map:
[    0.000000] BIOS-e820: [mem 0x0000000000000000-0x000000000009fbff] usable
[    0.000000] BIOS-e820: [mem 0x000000000009fc00-0x000000000009ffff] reserved
[    0.000000] BIOS-e820: [mem 0x00000000000f0000-0x000000000fffff] reserved
[    0.000000] BIOS-e820: [mem 0x0000000000100000-0x000000003ffeffff] usable
[    0.000000] BIOS-e820: [mem 0x000000003fff0000-0x000000003fffffff] ACPI data
[    0.000000] BIOS-e820: [mem 0x00000000fec00000-0x00000000fec00fff] reserved
[    0.000000] BIOS-e820: [mem 0x00000000fee00000-0x00000000fee00fff] reserved
[    0.000000] BIOS-e820: [mem 0x00000000fffc0000-0x00000000ffffffff] reserved
[    0.000000] NX (Execute Disable) protection: active
[    0.000000] SMBIOS 2.5 present.
[    0.00000] Hypervisor detected: KVM
[    0.000000] e820: last_pfn = 0x3fff0 max_arch_pfn = 0x400000000
[    0.000000] MTRR: Disabled
[    0.000000] x86/PAT: MTRRs disabled, skipping PAT initialization too.
[    0.000000] CPU MTRRs all blank - virtualized system.
[    0.000000] x86/PAT: Configuration [0-7]: WB  WT  UC- UC  WB  WT  UC- UC  
[    0.000000] found SMP MP-table at [mem 0x0009fff0-0x0009ffff] mapped at [ffff88000009fff0]
[    0.000000] Scanning 1 areas for low memory corruption
[    0.000000] RAMDISK: [mem 0x3630a000-0x3717cfff]
[    0.000000] ACPI: Early table checksum verification disabled
[    0.000000] ACPI: RSDP 0x00000000000E0000 000024 (v02 VBOX  )
[    0.000000] ACPI: XSDT 0x000000003FFF0030 00003C (v01 VBOX   VBOXXSDT 00000001 ASL  00000061)
[    0.000000] ACPI: FACP 0x000000003FFF00F0 0000F4 (v04 VBOX   VBOXFACP 00000001 ASL  00000061)
[    0.000000] ACPI: DSDT 0x000000003FFF0470 0021FF (v02 VBOX   VBOXBIOS 00000002 INTL 20180105)
[    0.000000] ACPI: FACS 0x000000003FFF0200 000040
[    0.000000] ACPI: FACS 0x000000003FFF0200 000040
[    0.000000] ACPI: APIC 0x000000003FFF0240 00005C (v02 VBOX   VBOXAPIC 00000001 ASL  00000061)
[    0.000000] ACPI: SSDT 0x000000003FFF02A0 0001CC (v01 VBOX   VBOXCPUT 00000002 INTL 20180105)
[    0.000000] No NUMA configuration found
[    0.000000] Faking a node at [mem 0x0000000000000000-0x000000003ffeffff]
[    0.000000] NODE_DATA(0) allocated [mem 0x3ffeb000-0x3ffeffff]
[    0.000000] kvm-clock: Using msrs 4b564d01 and 4b564d00
[    0.000000] kvm-clock: cpu 0, msr 0:3ffe3001, primary cpu clock
[    0.000000] kvm-clock: using sched offset of 3425537665 cycles
[    0.000000] clocksource: kvm-clock: mask: 0xffffffffffffffff max_cycles: 0x1cd42e4dffb, max_idle_ns: 881590591483 ns
[    0.000000] Zone ranges:
[    0.000000]   DMA      [mem 0x0000000000001000-0x0000000000ffffff]
[    0.000000]   DMA32    [mem 0x0000000001000000-0x000000003ffeffff]
[    0.000000]   Normal   empty
[    0.000000]   Device   empty
[    0.000000] Movable zone start for each node
[    0.000000] Early memory node ranges
[    0.000000]   node   0: [mem 0x0000000000001000-0x000000000009efff]
[    0.000000]   node   0: [mem 0x0000000000100000-0x000000003ffeffff]
[    0.000000] Initmem setup node 0 [mem 0x0000000000001000-0x000000003ffeffff]
[    0.000000] ACPI: PM-Timer IO Port: 0x4008
[    0.000000] IOAPIC[0]: apic_id 2, version 32, address 0xfec00000, GSI 0-23
[    0.000000] ACPI: INT_SRC_OVR (bus 0 bus_irq 0 global_irq 2 dfl dfl)
[    0.000000] ACPI: INT_SRC_OVR (bus 0 bus_irq 9 global_irq 9 low level)
[    0.000000] Using ACPI (MADT) for SMP configuration information
[    0.000000] smpboot: Alowing 2 CPUs, 0 hotplug CPUs
[    0.00000] PM: Registered nosave memory: [mem 0x00000000-0x00000fff]
[    0.000000] PM: Registered nosave memory: [mem 0x0009f000-0x0009ffff]
[    0.000000] PM: Registered nosave memory: [mem 0x000a0000-0x000effff]
[    0.000000] PM: Registered nosave memory: [mem 0x000f0000-0x000fffff]
[    0.000000] e820: [mem 0x40000000-0xfebfffff] available for PCI devices
[    0.000000] Booting paravirtualized kernel on KVM
[    0.000000] clocksource: refined-jiffies: mask: 0xffffffff max_cycles: 0xffffffff, max_idle_ns: 7645519600211568 ns
[    0.000000] setup_percpu: NR_CPUS:512 nr_cpumask_bits:512 nr_cpu_ids:2 nr_node_ids:1
[    0.000000] PERCPU: Embedded 34 pages/cpu @ffff88003fc00000 s99608 r8192 d31464 u1048576
[    0.000000] PV qspinlock hash table entries: 256 (order: 0, 4096 bytes)
[    0.000000] Built 1 zonelists in Node order, mobility grouping on.  Total pages: 257912
[    0.000000] Policy zone: DMA32
[    0.000000] Kernel command line: BOOT_IMAGE=/boot/vmlinuz-4.4.0-138-generic root=LABEL=cloudimg-rootfs ro console=tty1 console=ttyS0
[    0.000000] PID hash table entries: 4096 (order: 3, 32768 bytes)
[    0.000000] Memory: 997708K/1048120K available (8563K kernel code, 1314K rwdata, 4004K rodata, 1528K init, 1316K bss, 50412K reserved, 0K cma-reserved)
[    0.000000] SLUB: HWalign=64, Order=0-3, MinObjects=0, CPUs=2, Nodes=1
[    0.000000] Kernel/User page tables isolation: enabled
[    0.000000] Hierarchical RCU implementation.
[    0.000000] 	Build-time adjustment of leaf fanout to 64.
[    0.000000] 	RCU restricting CPUs from NR_CPUS=512 to nr_cpu_ids=2.
[    0.000000] RCU: Adjusting geometry for rcu_fanout_leaf=64, nr_cpu_ids=2
[    0.000000] NR_IRQS:33024 nr_irqs:440 16
[    0.000000] Console: colour VGA+ 80x25
[    0.000000] console [tty1] enabled
[    0.000000] console [ttyS0] enabled
[    0.000000] tsc: Detected 2494.332 MHz processor
[    0.551716] Calibrating delay loop (skipped) preset value.. 4988.66 BogoMIPS (lpj=9977328)
[    0.554410] pid_max: default: 32768 minimum: 301
[    0.555901] ACPI: Core revision 20150930
[    0.558213] ACPI: 2 ACPI AML tables successfully acquired and loaded
[    0.560006] Security Framework initialized
[    0.560891] Yama: becoming mindful.
[    0.561694] AppArmor: AppArmor initialized
[    0.563880] Dentry cache hash table entries: 131072 (order: 8, 1048576 bytes)
[    0.578244] Inode-cache hash table entries: 65536 (order: 7, 524288 bytes)
[    0.580109] Mount-cache hash table entries: 2048 (order: 2, 16384 bytes)
[    0.581677] Mountpoint-cache hash table entries: 2048 (order: 2, 16384 bytes)
[    0.588916] Initializing cgroup subsys io
[    0.590233] Initializing cgroup subsys memory
[    0.592605] Initializing cgroup subsys devices
[    0.593864] Initializing cgroup subsys freezer
[    0.594984] Initializing cgroup subsys net_cls
[    0.596134] Initializing cgroup subsys perf_event
[    0.602475] Initializing cgroup subsys net_prio
[    0.603630] Initializing cgroup subsys hugetlb
[    0.605087] Initializing cgroup subsys pids
[    0.611893] mce: CPU supports 0 MCE banks
[    0.613117] Last level iTLB entries: 4KB 512, 2MB 8, 4MB 8
[    0.614487] Last level dTLB entries: 4KB 512, 2MB 32, 4MB 32, 1GB 0
[    0.624228] Spectre V2 : Mitigation: Full generic retpoline
[    0.634111] Spectre V2 : Spectre v2 mitigation: Speculation control IBPB not-supported IBRS not-supported
[    0.636588] Spectre V2 : Spectre v2 / SpectreRSB mitigation: Filling RSB on context switch
[    0.639547] Speculative Store Bypass: Vulnerable
[    0.644352] Freeing SMP alternatives memory: 32K
[    0.655679] ftrace: allocating 32278 entries in 127 pages
[    0.717967] smpboot: APIC(0) Converting physical 0 to logical package 0
[    0.725054] smpboot: Max logical packages: 1
[    0.726512] x2apic enabled
[    0.732967] Switched APIC routing to physical x2apic.
[    0.736612] ..TIMER: vector=0x30 apic1=0 pin1=2 apic2=-1 pin2=-1
[    0.846405] APIC calibration not consistent with PM-Timer: 103ms instead of 100ms
[    0.861717] APIC delta adjusted to PM-Timer: 6250074 (6499114)
[    0.863232] smpboot: CPU0: Intel(R) Core(TM) i5-3210M CPU @ 2.50GHz (family: 0x6, model: 0x3a, stepping: 0x9)
[    0.865897] Performance Events: unsupported p6 CPU model 58 no PMU driver, software events only.
[    0.868275] KVM setup paravirtual spinlock
[    0.870115] x86: Booting SMP configuration:
[    0.876673] .... node  #0, CPUs:      #1
[    0.877963] kvm-clock: cpu 1, msr 0:3ffe3041, secondary cpu clock
[    0.879632] mce: CPU supports 0 MCE banks
[    0.897769] x86: Booted up 1 node, 2 CPUs
[    0.899116] smpboot: Total of 2 processors activated (9977.32 BogoMIPS)
[    0.901195] devtmpfs: initialized
[    0.903960] evm: security.selinux
[    0.904950] evm: security.SMACK64
[    0.911072] evm: security.SMACK64EXEC
[    0.911918] evm: security.SMACK64TRANSMUTE
[    0.913000] evm: security.SMACK64MMAP
[    0.915021] evm: security.ima
[    0.915909] evm: security.capability
[    0.917166] clocksource: jiffies: mask: 0xffffffff max_cycles: 0xffffffff, max_idle_ns: 7645041785100000 ns
[    0.919830] futex hash table entries: 512 (order: 3, 32768 bytes)
[    0.926890] pinctrl core: initialized pinctrl subsystem
[    0.933768] RTC time: 16:33:47, date: 11/13/18
[    0.944442] NET: Registered protocol family 16
[    0.955611] cpuidle: using governor ladder
[    0.967953] cpuidle: using governor menu
[    0.970027] PCCT header not found.
[    0.976763] ACPI: bus type PCI registered
[    0.994009] acpiphp: ACPI Hot Plug PCI Controller Driver version: 0.5
[    0.996090] PCI: Using configuration type 1 for base access
[    1.013067] ACPI: Added _OSI(Module Device)
[    1.021677] ACPI: Added _OSI(Processor Device)
[    1.024324] ACPI: Added _OSI(3.0 _SCP Extensions)
[    1.025757] ACPI: Added _OSI(Processor Aggregator Device)
[    1.028522] ACPI: Executed 1 blocks of module-level executable AML code
[    1.039099] ACPI: Interpreter enabled
[    1.045714] ACPI: (supports S0 S5)
[    1.046886] ACPI: Using IOAPIC for interrupt routing
[    1.048803] PCI: Using host bridge windows from ACPI; if necessary, use "pci=nocrs" and report a bug
[    1.056328] ACPI: PCI Root Bridge [PCI0] (domain 0000 [bus 00-ff])
[    1.068794] acpi PNP0A03:00: _OSC: OS supports [ASPM ClockPM Segments MSI]
[    1.070465] acpi PNP0A03:00: _OSC: not requesting OS control; OS requires [ExtendedConfig ASPM ClockPM MSI]
[    1.077844] acpi PNP0A03:00: fail to add MMCONFIG information, can't access extended PCI configuration space under this bridge.
[    1.080488] PCI host bridge to bus 0000:00
[    1.081373] pci_bus 0000:00: root bus resource [io  0x0000-0x0cf7 window]
[    1.082726] pci_bus 0000:00: root bus resource [io  0x0d00-0xffff window]
[    1.084134] pci_bus 0000:00: root bus resource [mem 0x000a0000-0x000bffff window]
[    1.085723] pci_bus 0000:00: root bus resource [mem 0x40000000-0xfdffffff window]
[    1.087542] pci_bus 0000:00: root bus resource [bus 00-ff]
[    1.101309] pci 0000:00:01.1: legacy IDE quirk: reg 0x10: [io  0x01f0-0x01f7]
[    1.112675] pci 0000:00:01.1: legacy IDE quirk: reg 0x14: [io  0x03f6]
[    1.114526] pci 0000:00:01.1: legacy IDE quirk: reg 0x18: [io  0x0170-0x0177]
[    1.116515] pci 0000:00:01.1: legacy IDE quirk: reg 0x1c: [io  0x0376]
[    1.152382] pci 0000:00:07.0: quirk: [io  0x4000-0x403f] claimed by PIIX4 ACPI
[    1.161642] pci 0000:00:07.0: quirk: [io  0x4100-0x410f] claimed by PIIX4 SMB
[    1.177623] ACPI: PCI Interrupt Link [LNKA] (IRQs 5 9 10 *11)
[    1.183091] ACPI: PCI Interrupt Link [LNKB] (IRQs 5 9 *10 11)
[    1.196545] ACPI: PCI Interrupt Link [LNKC] (IRQs 5 *9 10 11)
[    1.212319] ACPI: PCI Interrupt Link [LNKD] (IRQs 5 9 10 *11)
[    1.215107] ACPI: Enabled 2 GPEs in block 00 to 07
[    1.217368] vgaarb: setting as boot device: PCI:0000:00:02.0
[    1.225338] vgaarb: device added: PCI:0000:00:02.0,decodes=io+mem,owns=io+mem,locks=none
[    1.227245] vgaarb: loaded
[    1.234834] vgaarb: bridge control possible 0000:00:02.0
[    1.242110] SCSI subsystem initialized
[    1.272749] ACPI: bus type USB registered
[    1.274161] usbcore: registered new interface driver usbfs
[    1.280268] usbcore: registered new interface driver hub
[    1.284356] usbcore: registered new device driver usb
[    1.293818] PCI: Using ACPI for IRQ routing
[    1.295232] NetLabel: Initializing
[    1.296016] NetLabel:  domain hash size = 128
[    1.297009] NetLabel:  protocols = UNLABELED CIPSOv4
[    1.298102] NetLabel:  unlabeled traffic allowed by default
[    1.299528] amd_nb: Cannot enumerate AMD northbridges
[    1.300591] clocksource: Switched to clocksource kvm-clock
[    1.309382] AppArmor: AppArmor Filesystem Enabled
[    1.315755] pnp: PnP ACPI init
[   317514] pnp: PnP ACPI: found 3 devices

[    1.403521] clocksource: acpi_pm: mask: 0fffff max_cycles: 0xffffff, max_idle_ns: 2085701024 ns
[    1.461216] NET: Registered protocol family 2

[    1.462614] TCP established hash table entries: 8192 (order: 4, 65536 bytes)
[    1.464411] TCP bind hash table entries: 8192 (order: 5, 131072 bytes)
[    1.474385] TCP: Hash tables configured (established 8192 bind 8192)
[    1.475668] UDP hash table entries: 512 (order: 2, 16384 bytes)
[    1.476872] UDP-Lite hash table entries: 512 (order: 2, 16384 bytes)
[    1.823] NET: Registered protocol family 1
[    1.565745] pci 0000:00:00.0: Limiting direct PCI/PCI transfers
[    1.567568] pci 0000:00:01.0: Activating ISA DMA hang workarounds
[    1.571205] Unpacking initramfs...
[    1.795881] Freeing initrd memory: 14796K
[    1.814580] RAPL PMU detected, API unit is 2^-32 Joules, 3 fixed counters 10737418240 ms ovfl timer
[    1.816399] hw unit of domain pp0-core 2^-0 Joules
[    1.817493] hw unit of domain package 2^-0 Joules
[    1.818484] hw unit of domain pp1-gpu 2^-0 Joules
[    1.828746] platform rtc_cmos: registered platform RTC device (no PNP device found)
[    1.830818] Scanning for low memory corruption every 60 seconds
[    1.832695] audit: initializing netlink subsys (disabled)
[    1.834371] audit: type=2000 audit(1542126832.123:1): initialized
[    1.835893] Initialise system trusted keyring
[    1.837311] HugeTLB registered 2 MB page size, pre-allocated 0 pages
[    1.876834] zbud: loaded
[    1.878448] VFS: Disk quotas dquot_6.6.0
[    1.879854] VFS: Dquot-cache hash table entries: 512 (order 0, 4096 bytes)
[    1.882360] squashfs: version 4.0 (2009/01/31) Phillip Lougher
[    1.884594] fuse init (API version 7.23)
[    1.886196] Key type big_key registered
[    1.887546] Allocating IMA MOK and blacklist keyrings.
[    1.890576] Key type asymmetric registered
[    1.891921] Asymmetric key parser 'x509' registered
[    1.893634] Block layer SCSI generic (bsg) driver version 0.4 loaded (major 249)
[    1.896176] io scheduler noop registered
[    1.897506] io scheduler deadline registered (default)
[    1.899205] io scheduler cfq registered
[    1.900643] pci_hotplug: PCI Hot Plug PCI Core version: 0.5
[    1.902440] pciehp: PCI Express Hot Plug Controller Driver version: 0.4
[    1.904621] ACPI: AC Adapter [AC] (on-line)
[    1.922953] input: Power Button as /devices/LNXSYSTM:00/LNXPWRBN:00/input/input0
[    1.925381] ACPI: Power Button [PWRF]
[    1.926833] input: Sleep Button as /devices/LNXSYSTM:00/LNXSLPBN:00/input/input1
[    1.929273] ACPI: Sleep Button [SLPF]
[    1.931987] ACPI: Battery Slot [BAT0] (battery present)
[    1.934853] GHES: HEST is not enabled!
[    1.936348] Serial: 8250/16550 driver, 32 ports, IRQ sharing enabled
[    1.976726] 00:02: ttyS0 at I/O 0x3f8 (irq = 4, base_baud = 115200) is a 16550A
[    1.996528] Linux agpgart interface v0.103
[    2.000201] loop: module loaded
[    2.002373] scsi host0: ata_piix
[    2.003367] scsi host1: ata_piix
[    2.004320] ata1: PATA max UDMA/33 cmd 0x1f0 ctl 0x3f6 bmdma 0xd000 irq 14
[    2.014820] ata2: PATA max UDMA/33 cmd 0x170 ctl 0x376 bmdma 0xd008 irq 15
[    2.017278] libphy: Fixed MDIO Bus: probed
[    2.018718] tun: Universal TUN/TAP device driver, 1.6
[    2.020120] tun: (C) 1999-2004 Max Krasnyansky <maxk@qualcomm.com>
[    2.022056] PPP generic driver version 2.4.2
[    2.023354] ehci_hcd: USB 2.0 'Enhanced' Host Controller (EHCI) Driver
[    2.025053] ehci-pci: EHCI PCI platform driver
[    2.026489] ehci-platform: EHCI generic platform driver
[    2.036352] ohci_hcd: USB 1.1 'Open' Host Controller (OHCI) Driver
[    2.044661] ohci-pci: OHCI PCI platform driver
[    2.046997] ohci-pci 0000:00:06.0: OHCI PCI host controller
[    2.048719] ohci-pci 0000:00:06.0: new USB bus registered, assigned bus number 1
[    2.051210] ohci-pci 0000:00:06.0: irq 22, io mem 0xf0804000
[    2.109281] usb usb1: New USB device found, idVendor=1d6b, idProduct=0001
[    2.135386] usb usb1: New USB device strings: Mfr=3, Product=2, SerialNumber=1
[    2.137803] usb usb1: Product: OHCI PCI host controller
[    2.140850] usb usb1: Manufacturer: Linux 4.4.0-138-generic ohci_hcd
[    2.143162] usb usb1: SerialNumber: 0000:00:06.0
[    2.147313] hub 1-0:1.0: USB hub found
[    2.148311] hub 1-0:1.0: 12 ports detected
[    2.150204] ohci-platform: OHCI generic platform driver
[    2.174843] uhci_hcd: USB Universal Host Controller Interface driver
[    2.183142] i8042: PNP: PS/2 Controller [PNP0303:PS2K,PNP0f03:PS2M] at 0x60,0x64 irq 1,12
[    2.216253] serio: i8042 KBD port at 0x60,0x64 irq 1
[    2.217798] serio: i8042 AUX port at 0x60,0x64 irq 12
[    2.234185] mousedev: PS/2 mouse device common for all mice
[    2.240427] input: AT Translated Set 2 keyboard as /devices/platform/i8042/serio0/input/input2
[    2.265332] rtc_cmos rtc_cmos: rtc core: registered rtc_cmos as rtc0
[    2.266669] rtc_cmos rtc_cmos: alarms up to one day, 114 bytes nvram
[    2.268578] i2c /dev entries driver
[    2.269967] device-mapper: uevent: version 1.0.3
[    2.285436] device-mapper: ioctl: 4.34.0-ioctl (2015-10-28) initialised: dm-devel@redhat.com
[    2.288074] ledtrig-cpu: registered to indicate activity on CPUs
[    2.290740] NET: Registered protocol family 10
[    2.292756] NET: Registered protocol family 17
[    2.294234] Key type dns_resolver registered
[    2.296375] registered taskstats version 1
[    2.308609] Loading compiled-in X.509 certificates
[    2.312191] Loaded X.509 cert 'Build time autogenerated kernel key: 9a104bc44b81e9426fe5c715e47d021d02d69eba'
[    2.318673] zswap: loaded using pool lzo/zbud
[    2.323282] Key type trusted registered
[    2.336455] Key type encrypted registered
[    2.337919] AppArmor: AppArmor sha1 policy hashing enabled
[    2.354413] ima: No TPM chip found, activating TPM-bypass!
[    2.367181] ima: Allocated hash algorithm: sha1
[    2.368494] evm: HMAC attrs: 0x1
[    2.390256]   Magic number: 10:733:590
[    2.391721] rtc_cmos rtc_cmos: setting system clock to 2018-11-13 16:33:48 UTC (1542126828)
[    2.400359] BIOS EDD facility v0.16 2004-Jun-25, 0 devices found
[    2.439905] EDD information not available.
[    2.442498] Freeing unused kernel memory: 1528K
[    2.454727] Write protecting the kernel read-only data: 14336k
[    2.463341] Freeing unused kernel memory: 1664K
[    2.466365] Freeing unused kernel memory: 92K
Loading, please wait...
starting version[    2.490112] random: systemd-udevd: uninitialized urandom read (16 bytes read, 2 bits of entropy available)
 229
[    2.491404] random: udevadm: uninitialized urandom read (16 bytes read, 2 bits of entropy available)
[    2.491442] random: udevadm: uninitialized urandom read (16 bytes read, 2 bits of entropy available)
[    2.508629] random: udevadm: uninitialized urandom read (16 bytes read, 2 bits of entropy available)
[    2.508700] random: udevadm: uninitialized urandom read (16 bytes read, 2 bits of entropy available)
[    2.508942] random: udevadm: uninitialized urandom read (16 bytes read, 2 bits of entropy available)
[    2.509036] random: udevadm: uninitialized urandom read (16 bytes read, 2 bits of entropy available)
[    2.509133] random: udevadm: uninitialized urandom read (16 bytes read, 2 bits of entropy available)
[    2.509231] random: udevadm: uninitialized urandom read (16 bytes read, 2 bits of entropy available)
[    2.509322] random: udevadm: uninitialized urandom read (16 bytes read, 2 bits of entropy available)
[    2.610695] e1000: Intel(R) PRO/1000 Network Driver - version 7.3.21-k8-NAPI
[    2.627728] e1000: Copyright (c) 1999-2006 Intel Corporation.
[    2.653627] Fusion MPT base driver 3.04.20
[    2.656652] Copyright (c) 1999-2008 LSI Corporation
[    2.663560] AVX version of gcm_enc/dec engaged.
[    2.704055] AES CTR mode by8 optimization enabled
[    2.714671] usb 1-1: new full-speed USB device number 2 using ohci-pci
[    2.740961] Fusion MPT SPI Host driver 3.04.20
[    2.828680] tsc: Refined TSC clocksource calibration: 2495.139 MHz
[    2.830686] clocksource: tsc: mask: 0xffffffffffffffff max_cycles: 0x23f74a011a4, max_idle_ns: 440795281756 ns
[    2.862205] input: ImExPS/2 Generic Explorer Mouse as /devices/platform/i8042/serio1/input/input4
[    2.984211] usb 1-1: New USB device found, idVendor=0403, idProduct=6010
[    2.987845] usb 1-1: New USB device strings: Mfr=1, Product=2, SerialNumber=0
[    2.989614] usb 1-1: Product: Dual RS232
[    2.990690] usb 1-1: Manufacturer: FTDI
[    3.103384] e1000 0000:00:03.0 eth0: (PCI:33MHz:32-bit) 02:46:93:03:7f:ca
[    3.124964] e1000 0000:00:03.0 eth0: Intel(R) PRO/1000 Network Connection
[    3.128014] mptbase: ioc0: Initiating bringup
[    3.131476] e1000 0000:00:03.0 enp0s3: renamed from eth0
[    3.197409] ioc0: LSI53C1030 A0: Capabilities={Initiator}
[    3.397029] scsi host2: ioc0: LSI53C1030 A0, FwRev=00000000h, Ports=1, MaxQ=256, IRQ=20
[    3.521435] scsi 2:0:0:0: Direct-Access     VBOX     HARDDISK         1.0  PQ: 0 ANSI: 5
[    3.528874] scsi target2:0:0: Beginning Domain Validation
[    3.537284] scsi target2:0:0: Domain Validation skipping write tests
[    3.549907] scsi target2:0:0: Ending Domain Validation
[    3.551624] scsi target2:0:0: asynchronous
[    3.553556] scsi 2:0:1:0: Direct-Access     VBOX     HARDDISK         1.0  PQ: 0 ANSI: 5
[    3.566958] scsi target2:0:1: Beginning Domain Validation
[    3.695235] scsi target2:0:1: Domain Validation skipping write tests
[    3.697106] scsi target2:0:1: Ending Domain Validation
[    3.698915] scsi target2:0:1: asynchronous
[    3.708715] sd 2:0:0:0: [sda] 20971520 512-byte logical blocks: (10.7 GB/10.0 GiB)
[    3.708880] sd 2:0:0:0: Attached scsi generic sg0 type 0
[    3.709670] sd 2:0:1:0: [sdb] 20480 512-byte logical blocks: (10.5 MB/10.0 MiB)
[    3.709921] sd 2:0:1:0: [sdb] Write Protect is off
[    3.710098] sd 2:0:1:0: Attached scsi generic sg1 type 0
[    3.710348] sd 2:0:1:0: [sdb] Incomplete mode parameter data
[    3.710351] sd 2:0:1:0: [sdb] Assuming drive cache: write through
[    3.716307] sd 2:0:1:0: [sdb] Attached SCSI disk
[    3.767136] sd 2:0:0:0: [sda] Write Protect is off
[    3.785224] sd 2:0:0:0: [sda] Incomplete mode parameter data
[    3.786984] sd 2:0:0:0: [sda] Assuming drive cache: write through
[    3.793139]  sda: sda1
[    3.795108] sd 2:0:0:0: [sda] Attached SCSI disk
Begin: Loading e[    5.180012] md: linear personality registered for level -1
ssential drivers ... [    5.207574] md: multipath personality registered for level -4
[    5.237277] md: raid0 personality registered for level 0
[    5.242508] md: raid1 personality registered for level 1
[    5.353497] raid6: sse2x1   gen()  9078 MB/s
[    5.443446] raid6: sse2x1   xor()  6584 MB/s
[    5.513448] raid6: sse2x2   gen() 10550 MB/s
[    5.583443] raid6: sse2x2   xor()  7311 MB/s
[    5.653446] raid6: sse2x4   gen() 11480 MB/s
[    5.723555] raid6: sse2x4   xor()  8715 MB/s
[    5.726212] raid6: using algorithm sse2x4 gen() 11480 MB/s
[    5.727806] raid6: .... xor() 8715 MB/s, rmw enabled
[    5.729243] raid6: using ssse3x2 recovery algorithm
[    5.766149] xor: automatically using best checksumming function:
[    5.804770]    avx       : 17095.000 MB/sec
[    5.830119] async_tx: api initialized (async)
[    5.843681] md: raid6 personality registered for level 6
[    5.863016] md: raid5 personality registered for level 5
[    5.870451] md: raid4 personality registered for level 4
[    5.893718] md: raid10 personality registered for level 10
done.
Begin: Running /scripts/init-premount ... done.
Begin: Mounting root file system ... Begin: Running /scripts/local-top ... done.
Begin: Running /scripts/local-premount ... [    5.937083] Btrfs loaded
Scanning for Btrfs filesystems
done.
Warning: fsck not present, so skipping root file system
[    6.003181] EXT4-fs (sda1): mounted filesystem with ordered data mode. Opts: (null)
done.
Begin: Running /scripts/local-bottom ... done.
Begin: Running /scripts/init-bottom ... done.
[    6.160378] systemd[1]: systemd 229 running in system mode. (+PAM +AUDIT +SELINUX +IMA +APPARMOR +SMACK +SYSVINIT +UTMP +LIBCRYPTSETUP +GCRYPT +GNUTLS +ACL +XZ -LZ4 +SECCOMP +BLKID +ELFUTILS +KMOD -IDN)
[    6.185989] systemd[1]: Detected virtualization oracle.
[    6.187264] systemd[1]: Detected architecture x86-64.

Welcome to [1mUbuntu 16.04.5 LTS[0m!

[    6.568913] systemd[1]: Set hostname to <ubuntu>.
[    6.576817] systemd[1]: Initializing machine ID from random generator.
[    6.579108] systemd[1]: Installed transient /etc/machine-id file.
[    6.973998] systemd[1]: Started Forward Password Requests to Wall Directory Watch.
[[0;32m  OK  [0m] Started Forward Password Requests to Wall Directory Watch.
[    7.581213] systemd[1]: Listening on Syslog Socket.
[[0;32m  OK  [0m] Listening on Syslog Socket.
[    7.585629] systemd[1]: Listening on LVM2 metadata daemon socket.
[[0;32m  OK  [0m] Listening on LVM2 metadata daemon socket.
[    7.591596] systemd[1]: Listening on udev Kernel Socket.
[[0;32m  OK  [0m] Listening on udev Kernel Socket.
[    7.595837] systemd[1]: Listening on Device-mapper event daemon FIFOs.
[[0;32m  OK  [0m] Listening on Device-mapper event daemon FIFOs.
[    7.697919] systemd[1]: Listening on udev Control Socket.
[[0;32m  OK  [0m] Listening on udev Control Socket.
[    7.704612] systemd[1]: Reached target System Time Synchronized.
[[0;32m  OK  [0m] Reached target System Time Synchronized.
[    7.708080] systemd[1]: Reached target Swap.
[[0;32m  OK  [0m] Reached target Swap.
[    7.710899] systemd[1]: Reached target User and Group Name Lookups.
[[0;32m  OK  [0m] Reached target User and Group Name Lookups.
[    7.715039] systemd[1]: Reached target Encrypted Volumes.
[[0;32m  OK  [0m] Reached target Encrypted Volumes.
[    7.718956] systemd[1]: Listening on Journal Socket (/dev/log).
[[0;32m  OK  [0m] Listening on Journal Socket (/dev/log).
[    7.846688] systemd[1]: Listening on Journal Audit Socket.
[[0;32m  OK  [0m] Listening on Journal Audit Socket.
[    7.857333] systemd[1]: Created slice System Slice.
[[0;32m  OK  [0m] Created slice System Slice.
[    7.860478] systemd[1]: Started Trigger resolvconf update for networkd DNS.
[[0;32m  OK  [0m] Started Trigger resolvconf update for networkd DNS.
[    7.864328] systemd[1]: Listening on /dev/initctl Compatibility Named Pipe.
[[0;32m  OK  [0m] Listening on /dev/initctl Compatibility Named Pipe.
[    7.868030] systemd[1]: Listening on LVM2 poll daemon socket.
[[0;32m  OK  [0m] Listening on LVM2 poll daemon socket.
[    8.567708] systemd[1]: Set up automount Arbitrary Executable File Formats File System Automount Point.
[[0;32m  OK  [0m] Set up automount Arbitrary Executab...ats File System Automount Point.
[    8.573430] systemd[1]: Listening on Journal Socket.
[[0;32m  OK  [0m] Listening on Journal Socket.
[    8.588894] systemd[1]: Starting Nameserver information manager...
         Starting Nameserver information manager...
[    8.598267] systemd[1]: Mounting Debug File System...
         Mounting Debug File System...
[    8.665114] systemd[1]: Starting Remount Root and Kernel File Systems...
         [    8.676320] EXT4-fs (sda1): re-mounted. Opts: (null)
Starting Remount Root and Kernel File Systems...
[    8.696321] systemd[1]: Starting Create list of required static device nodes for the current kernel...
         Starting Create list of required st... nodes for the current kernel...
[    8.707727] systemd[1]: Starting Load Kernel Modules...
         Starting Load Kernel Modules...[    8.726347] Loading iSCSI transport class v2.0-870.

[    8.735591] systemd[1]: Starting Uncomplicated firewall...
         Starting Uncomplicated firewall...
[    8.754337] iscsi: registered transport (tcp)
[    8.795480] systemd[1]: Mounting POSIX Message Queue File System...
         Mounting POSIX Message Queue File System...
[    8.802437] systemd[1]: Starting Monitoring of LVM2 mirrors, snapshots etc. using dmeventd or progress polling...
         Starting Monitoring of LVM2 mirrors... dmeventd or prog[    8.849942] iscsi: registered transport (iser)
ress polling...
[    8.880855] systemd[1]: Starting Set console keymap...
         Starting Set console keymap...
[    8.893586] systemd[1]: Mounting Huge Pages File System...
         Mounting Huge Pages File System...
[    8.899058] systemd[1]: Created slice system-serial\x2dgetty.slice.
[[0;32m  OK  [0m] Created slice system-serial\x2dgetty.slice.
[    8.911927] systemd[1]: Created slice User and Session Slice.
[[0;32m  OK  [0m] Created slice User and Session Slice.
[    8.915259] systemd[1]: Reached target Slices.
[[0;32m  OK  [0m] Reached target Slices.
[    8.953812] systemd[1]: Starting Journal Service...
         Starting Journal Service...
[    8.984725] systemd[1]: Mounted Debug File System.
[[0;32m  OK  [0m] Mounted Debug File System.
[    8.998175] random: nonblocking pool is initialized
[    8.999968] systemd[1]: Mounted Huge Pages File System.
[[0;32m  OK  [0m] Mounted Huge Pages File System.
[    9.002811] systemd[1]: Mounted POSIX Message Queue File System.
[[0;32m  OK  [0m] Mounted POSIX Message Queue File System.
[    9.028392] systemd[1]: Started Journal Service.
[[0;32m  OK  [0m] Started Journal Service.
[[0;32m  OK  [0m] Started Remount Root and Kernel File Systems.
[[0;32m  OK  [0m] Started Create list of required sta...ce nodes for the current kernel.
[[0;32m  OK  [0m] Started Load Kernel Modules.
[[0;32m  OK  [0m] Started Uncomplicated firewall.
[[0;32m  OK  [0m] Started Set console keymap.
[[0;32m  OK  [0m] Started Nameserver information manager.
[[0;32m  OK  [0m] Started LVM2 metadata daemon.
         Starting Apply Kernel Variables...
         Mounting FUSE Control File System...
         Starting Create Static Device Nodes in /dev...
         Starting udev Coldplug all Devices...
         Starting Load/Save Random Seed...
         Starting Flush Journal to Persistent Storage...
[[0;32m  OK  [0m] Mounted FUSE Control File System.
[[0;32m  OK  [0m] Started Apply Kernel Variables.
[[0;32m  OK  [0m] Started Create Static Device Nodes in /dev.
[[0;32m  OK  [0m] Started Load/Save Random Seed.
[[0;32m  OK  [0m] Started Flush Journal to Persistent Storage.
[[0;32m  OK  [0m] Started udev Coldplug all Devices.
         Starting udev Kernel Device Manager...
[[0;32m  OK  [0m] Started udev Kernel Device Manager.
[[0;32m  OK  [0m] Started Dispatch Password Requests to Console Directory Watch.
[[0;32m  OK  [0m] Started Monitoring of LVM2 mirrors,...ng dmeventd or progress polling.
[[0;32m  OK  [0m] Found device /dev/ttyS0.
[[0;32m  OK  [0m] Listening on Load/Save RF Kill Switch Status /dev/rfkill Watch.
[[0;32m  OK  [0m] Reached target Local File Systems (Pre).
[[0;32m  OK  [0m] Reached target Local File Systems.
         Starting Create Volatile Files and Directories...
         Starting Commit a transient machine-id on disk...
         Starting Set console font and keymap...
         Starting Initial cloud-init job (pre-networking)...
         Starting Tell Plymouth To Write Out Runtime Data...
         Starting LSB: AppArmor initialization...
[[0;32m  OK  [0m] Started Create Volatile Files and Directories.
[[0;32m  OK  [0m] Started Commit a transient machine-id on disk.
[[0;32m  OK  [0m] Started Tell Plymouth To Write Out Runtime Data.
         Starting Update UTMP about System Boot/Shutdown...
[[0;32m  OK  [0m] Started Update UTMP about System Boot/Shutdown.
[[0;32m  OK  [0m] Started Set console font and keymap.
[[0;32m  OK  [0m] Created slice system-getty.slice.
[[0;32m  OK  [0m] Started LSB: AppArmor initialization.
[   11.007227] cloud-init[617]: Cloud-init v. 18.4-0ubuntu1~16.04.2 running 'init-local' at Tue, 13 Nov 2018 16:33:57 +0000. Up 10.50 seconds.
[[0;32m  OK  [0m] Started Initial cloud-init job (pre-networking).
[[0;32m  OK  [0m] Reached target Network (Pre).
         Starting Raise network interfaces...
[[0;32m  OK  [0m] Started Raise network interfaces.
[[0;32m  OK  [0m] Reached target Network.
         Starting Initial cloud-init job (metadata service crawler)...
[   12.730516] cloud-init[930]: Cloud-init v. 18.4-0ubuntu1~16.04.2 running 'init' at Tue, 13 Nov 2018 16:33:58 +0000. Up 11.98 seconds.
[[0;32m  OK  [0m] Started Initial cloud-init job (metadata service crawler).
[   12.823558] cloud-init[930]: ci-info: ++++++++++++++++++++++++++++++++++++++Net device info++++++++++++++++++++++++++++++++++++++
[   12.911177] cloud-init[930]: ci-info: +--------+------+----------------------------+---------------+--------+-------------------+
[   12.944173] cloud-init[930]: ci-info: | Device |  Up  |          Address           |      Mask     | Scope  |     Hw-Address    |
[   12.967181] cloud-init[[0;32m  OK  [0m] Reached target System Initialization.
[930]: ci-info: +--------+------+----------------------------+---------------+--------+-------------------+
[   13.014210] cloud-init[930]: ci-info: | enp0s3 | True |         10.0.2.15          | 255.255.255.0 | global | 02:46:93:03:7f:ca |         Starting LXD - unix socket.
         
Starting Socket activation for snappy daemon.[   13.020134] cloud-init[930]: ci-info: | enp0s3 | True | fe80::46:93ff:fe03:7fca/64 |       .       |  link  | 02:46:93:03:7f:ca |
[   13.022356] cloud-init[930]: ci-info: |   lo   | True |         127.0.0.1          |   255.0.0.0   |  host  |         .         |

[[   13.023215] cloud-init[930]: ci-info: |   lo   | True |          ::1/128           |       .       |  host  |         .         |
[   13.094310] cloud-init[930]: ci-info: +--------+------+----------------------------+---------------+--------+-------------------+
[   13.094599] cloud-init[930]: ci-info: +++++++++++++++++++++++++++Route IPv4 info++++++++++++++++++++++++++++
[   13.095264] cloud-init[930]: ci-info: +-------+-------------+----------+---------------+-----------+-------+
[   13.095364] cloud-init[930]: ci-info: | Route | Destination | Gateway  |    Genmask    | Interface | Flags |
[   13.095554] cloud-init[930]: ci-info: +-------+-------------+----------+---------------+-----------+-------+
[   13.095659] cloud-init[930]: ci-info: |   0   |   0.0.0.0   | 10.0.2.2 |    0.0.0.0    |   enp0s3  |   UG  |
[   13.095758] cloud-init[930]: ci-info: |   1   |   10.0.2.0  | 0.0.0.0  | 255.255.255.0 |   enp0s3  |   U   |
[   13.095828] cloud-init[930]: ci-info: +-------+-------------+----------+---------------+-----------+-------+
[   13.095880] cloud-init[930]: ci-info: +++++++++++++++++++Route IPv6 info+++++++++++++++++++
[   13.095931] cloud-init[930]: ci-info: +-------+-------------+---------+-----------+-------+
[   13.095988] cloud-init[930]: ci-info: | Route | Destination | Gateway | Interface | Flags |
[   13.096154] cloud-init[930]: ci-info: +-------+-------------+---------+-----------+-------+
[   13.096255] cloud-init[930]: ci-info: |   0   |  fe80::/64  |    ::   |   enp0s3  |   U   |
[   13.096349] cloud-init[930]: ci-info: |   3   |   ff00::/8  |    ::   |   enp0s3  |   U   |
[   13.096441] cloud-init[930]: ci-info: +-------+-------------+---------+-----------+-------+
[   13.096575] cloud-init[930]: Generating public/private rsa key pair.
[   13.096670] cloud-init[930]: Your identification has been saved in /etc/ssh/ssh_host_rsa_key.
[   13.096760] cloud-init[930]: Your public key has been saved in /etc/ssh/ssh_host_rsa_key.pub.
[   13.096851] cloud-init[930]: The key fingerprint is:
[   13.096959] cloud-init[930]: SHA256:dhUjT0G4dPnmi1NJj+VtEnZce1UyjArDMzLF+pIvWJ8 root@ubuntu-xenial
[   13.097054] cloud-init[930]: The key's randomart image is:
[   13.097149] cloud-init[930]: +---[RSA 2048]----+
[   13.097280] cloud-init[930]: |       +. .o*=o o|
[   13.097363] cloud-init[930]: |      o B o++o.oo|
[   13.097461] cloud-init[930]: |       + * +o. .+|
[   13.097572] cloud-init[930]: |      .   o.  *.=|
[   13.097666] cloud-init[930]: |       oS .  = Oo|
[   13.097761] cloud-init[930]: |      +...    * =|
[   13.097846] cloud-init[930]: |     o + .   o + |
[   13.097936] cloud-init[930]: |    . . E   o .  |
[   13.098030] cloud-init[930]: |       .     .   |
[   13.098123] cloud-init[930]: +----[SHA256]-----+
[   13.098209] cloud-init[930]: Generating public/private dsa key pair.
[   13.098299] cloud-init[930]: Your identification has been saved in /etc/ssh/ssh_host_dsa_key.
[   13.098399] cloud-init[930]: Your public key has been saved in /etc/ssh/ssh_host_dsa_key.pub.
[   13.098495] cloud-init[930]: The key fingerprint is:
[   13.098585] cloud-init[930]: SHA256:78j2hvRq4oYTxASkUTEu9484gJ3nlv5sk6tfDaZajz8 root@ubuntu-xenial
[   13.098660] cloud-init[930]: The key's randomart image is:
[   13.098752] cloud-init[930]: +---[DSA 1024]----+
[   13.098849] cloud-init[930]: |.o*o             |
[   13.098944] cloud-init[930]: | + ..            |
[   13.099024] cloud-init[930]: |o oo             |
[   13.099115] cloud-init[930]: |.+ oo            |
[   13.099203] cloud-init[930]: |o o.o   S        |
[   13.099291] cloud-init[930]: | . +.+ o.+       |
[   13.099383] cloud-init[930]: |  o =o+o.oo      |
[   13.099473] cloud-init[930]: |   +o+*=Eoo      |
[   13.099565] cloud-init[930]: |    +OBB*=o      |
[   13.099665] cloud-init[930]: +----[SHA256]-----+
[   13.099749] cloud-init[930]: Generating public/private ecdsa key pair.
[   13.099840] cloud-init[930]: Your identification has been saved in /etc/ssh/ssh_host_ecdsa_key.
[   13.099927] cloud-init[930]: Your public key has been saved in /etc/ssh/ssh_host_ecdsa_key.pub.
[   14.022740] cloud-init[930]: The key fingerprint is:
[   14.023651] cloud-init[930]: SHA256:c0OL3rC5egG7GapfLmqx6dfoY4Qiy78NFMx/Qoz+7z4 root@ubuntu-xenial
[   14.023880] cloud-init[930]: The key's randomart image is:
[   14.024372] cloud-init[930]: +---[ECDSA 256]---+
[   14.024599] cloud-init[930]: |                 |
[   14.024841] cloud-init[930]: |  o o            |
[   14.025069] cloud-init[930]: |   = o    .      |
[   14.025306] cloud-init[930]: |  . + .  o .     |
[   14.025570] cloud-init[930]: |   + o +S +      |
[0;32m  OK  [0m] Started Daily Cleanup of Temporary Directories.
[[   14.030108] cloud-init[930]: |o + o =..B .     |
[   14.145946] cloud-init[930]: |oo * =.++..      |
[0;32m  OK  [0m] Listening on ACPID Listen Socket.
[   14.146169] [cloud-init[0;32m  OK  [0m[930]: ] |..+ Xo=E..       |Listening on D-Bus System Message Bus Socket.

[   14.182771] cloud-init[930]: | o=X++=*o        |
[   14.226180] cloud-init[930]: +----[SHA256]-----+
[   14.239731] cloud-init[930]: Generating public/private ed25519 key pair.
[[0;32m  OK  [0m] Started ACPI Events Check.
[   14.240937] cloud-init[930]: Your identification has been saved in /etc/ssh/ssh_host_ed25519_key.
[   14.246151] cloud-init[930]: Your public key has been saved in /etc/ssh/ssh_host_ed25519_key.pub.
[   14.255343] cloud-init[930]: The key fingerprint is:
[   14.255468] cloud-init[930]: SHA256:UWboBFEQYaAhx9LO8wF06ryPQ1/AghGFCdrTdiTM+e4 root@ubuntu-xenial
[   14.255550] cloud-init[930]: The key's randomart image is:
[   14.255619] cloud-init[930]: +--[ED25519 256]--+
[   14.255716] cloud-init[930]: |=O=o+oOB..+      |
[   14.255825] cloud-init[930]: |*++*++  o+       |
[   14.255908] cloud-init[930]: |.*=oo..o.        |
[   14.256056] cloud-init[930]: |.o=o+.. ..       |
[   14.256128] cloud-init[930]: |  o+ +  S        |
[   14.256208] cloud-init[930]: |  ... o          |
[   14.256320] cloud-init[930]: | ... o           |
[   14.256432] cloud-init[930]: |  .o. E          |
[   14.256922] cloud-init[930]: |  ...            |
[   14.257021] cloud-init[930]: +----[SHA256]-----+
[[0;32m  OK  [0m] Reached target Paths.
[[0;32m  OK  [0m] Started Daily apt download activities.
[[0;32m  OK  [0m] Started Daily apt upgrade and clean activities.
[[0;32m  OK  [0m] Reached target Timers.
[[0;32m  OK  [0m] Listening on UUID daemon activation socket.
[[0;32m  OK  [0m] Reached target Cloud-config availability.
[[0;32m  OK  [0m] Reached target Network is Online.
         Starting iSCSI initiator daemon (iscsid)...
[[0;32m  OK  [0m] Listening on LXD - unix socket.
[[0;32m  OK  [0m] Listening on Socket activation for snappy daemon.
[[0;32m  OK  [0m] Reached target Sockets.
[[0;32m  OK  [0m] Reached target Basic System.
         Starting /etc/rc.local Compatibility...
[[0;32m  OK  [0m] Started D-Bus System Message Bus.
         Starting Accounts Service...
         Starting Virtualbox guest utils...
[[0;32m  OK  [0m] Started FUSE filesystem for LXC.
         Starting Login Service...
         Starting LXD - container startup/shutdown...
[[0;32m  OK  [0m] Started ACPI event daemon.
[[0;32m  OK  [0m] Started Unattended Upgrades Shutdown.
[[0;32m  OK  [0m] Started Deferred execution scheduler.
         Starting LSB: MD monitoring daemon...
         Starting System Logging Service...
[[0;32m  OK  [0m] Started Regular background program processing daemon.
         Starting Snappy daemon...
         Starting Pollinate to seed the pseudo random number generator...
         Starting LSB: Record successful boot for GRUB...
[[0;32m  OK  [0m] Started System Logging Service.
[[0;32m  OK  [0m] Started iSCSI initiator daemon (iscsid).
[[0;32m  OK  [0m] Started /etc/rc.local Compatibility.
[[0;32m  OK  [0m] Started LXD - container startup/shutdown.
[[0;32m  OK  [0m] Started Login Service.
         Starting Authenticate and Authorize Users to Run Privileged Tasks...
         Starting Login to default iSCSI targets...
[[0;32m  OK  [0m] Started Virtualbox guest utils.
[[0;32m  OK  [0m] Started LSB: MD monitoring daemon.
[[0;32m  OK  [0m] Started LSB: Record successful boot for GRUB.
[[0;32m  OK  [0m] Started Authenticate and Authorize Users to Run Privileged Tasks.
[[0;32m  OK  [0m] Started Accounts Service.
[[0;32m  OK  [0m] Started Pollinate to seed the pseudo random number generator.
[[0;32m  OK  [0m] Started Snappy daemon.
         Starting Wait until snapd is fully seeded...
         Starting OpenBSD Secure Shell server...
[[0;32m  OK  [0m] Started Login to default iSCSI targets.
[[0;32m  OK  [0m] Started OpenBSD Secure Shell server.
[[0;32m  OK  [0m] Reached target Remote File Systems (Pre).
[[0;32m  OK  [0m] Reached target Remote File Systems.
         Starting LSB: daemon to balance interrupts for SMP systems...
         Starting LSB: automatic crash report generation...
         Starting Permit User Sessions...
         Starting LSB: Set the CPU Frequency Scaling governor to "ondemand"...
[[0;32m  OK  [0m] Started Permit User Sessions.
         Starting Terminate Plymouth Boot Screen...
         Starting Hold until boot process finishes up...
[[0;32m  OK  [0m] Started LSB: daemon to balance interrupts for SMP systems.
[[0;32m  OK  [0m] Started LSB: automatic crash report generation.
[[0;32m  OK  [0m] Started LSB: Set the CPU Frequency Scaling governor to "ondemand".
[[0;32m  OK  [0m] Started Terminate Plymouth Boot Screen.
[[0;32m  OK  [0m] Started Hold until boot process finishes up.
[[0;32m  OK  [0m] Created slice User Slice of vagrant.
         Starting User Manager for UID 1000...
[[0;32m  OK  [0m] Started Session 1 of user vagrant.
[[0;32m  OK  [0m] Started Getty on tty1.
[[0;32m  OK  [0m] Started Serial Getty on ttyS0.
[[0;32m  OK  [0m] Reached target Login Prompts.
         Starting Set console scheme...
[[0;32m  OK  [0m] Started User Manager for UID 1000.
[[0;32m  OK  [0m] Started Set console scheme.
[[0;32m  OK  [0m] Started Wait until snapd is fully seeded.
         Starting Apply the settings specified in cloud-config...
[[0;32m  OK  [0m] Reached target Multi-User System.
[[0;32m  OK  [0m] Reached target Graphical Interface.
         Starting Update UTMP about System Runlevel Changes...
[[0;32m  OK  [0m] Started Update UTMP about System Runlevel Changes.
[   18.656352] cloud-init[1390]: Generating locales (this might take a while)...
         Stopping User Manager for UID 1000...
[[0;32m  OK  [0m] Stopped User Manager for UID 1000.
[[0;32m  OK  [0m] Removed slice User Slice of vagrant.
[[0;32m  OK  [0m] Created slice User Slice of vagrant.
         Starting User Manager for UID 1000...
[[0;32m  OK  [0m] Started Session 2 of user vagrant.
[[0;32m  OK  [0m] Started User Manager for UID 1000.
[   19.711866] cloud-init[1390]:   en_US.UTF-8... done
[   19.733877] cloud-init[1390]: Generation complete.
[   20.198527] cloud-init[1390]: Cloud-init v. 18.4-0ubuntu1~16.04.2 running 'modules:config' at Tue, 13 Nov 2018 16:34:05 +0000. Up 18.53 seconds.
[[0;32m  OK  [0m] Started Apply the settings specified in cloud-config.
         Starting Execute cloud user/final scripts...
ci-info: no authorized ssh keys fingerprints found for user ubuntu.
<14>Nov 13 16:34:07 ec2: 
<14>Nov 13 16:34:07 ec2: #############################################################
<14>Nov 13 16:34:07 ec2: -----BEGIN SSH HOST KEY FINGERPRINTS-----
<14>Nov 13 16:34:07 ec2: 1024 SHA256:78j2hvRq4oYTxASkUTEu9484gJ3nlv5sk6tfDaZajz8 root@ubuntu-xenial (DSA)
<14>Nov 13 16:34:07 ec2: 256 SHA256:c0OL3rC5egG7GapfLmqx6dfoY4Qiy78NFMx/Qoz+7z4 root@ubuntu-xenial (ECDSA)
<14>Nov 13 16:34:07 ec2: 256 SHA256:UWboBFEQYaAhx9LO8wF06ryPQ1/AghGFCdrTdiTM+e4 root@ubuntu-xenial (ED25519)
<14>Nov 13 16:34:07 ec2: 2048 SHA256:dhUjT0G4dPnmi1NJj+VtEnZce1UyjArDMzLF+pIvWJ8 root@ubuntu-xenial (RSA)
<14>Nov 13 16:34:07 ec2: -----END SSH HOST KEY FINGERPRINTS-----
<14>Nov 13 16:34:07 ec2: #############################################################
-----BEGIN SSH HOST KEY KEYS-----
ecdsa-sha2-nistp256 AAAAE2VjZHNhLXNoYTItbmlzdHAyNTYAAAAIbmlzdHAyNTYAAABBBNaH1VobgP9G9NktNzA83jfag66lHgKN891g9967hUW29bjFaS7Q7hnQmuY9ObwpZMqwxnnWjd2saKU0vmLEfKU= root@ubuntu-xenial
ssh-ed25519 AAAAC3NzaC1lZDI1NTE5AAAAIInQrUMPMZcXK00wtqAk1Yy99uzOXANK7oByrJiysliy root@ubuntu-xenial
ssh-rsa AAAAB3NzaC1yc2EAAAADAQABAAABAQDl/7llWixVXRzwv5GHZe9/oLuIgB0euJdJbhAXvMZ0ZipJnJy3niXK3RPhgETuFpwEWcC9tY7rcDtpOzLBZK7OXYadNK4+Hx80fYouWo2f/CK7KGV+yilMAyAg3GrCtpdU7YngMvcHn6ga1DiRLp0ltSpj/F8pCKzEtlCR3HwkAfE+8XeeXPGRnQKghqRKiB6cd/XmDci2j/8zOOEhr3jphX3kV0uFlw1syTF8RllLxkot1tSk5PrN8eHpz2WmVl69BZz3UeozYZ7GJdFIQ/abYqTUkPawqkIXAAbY8L138ocIRoOSSofMMg5lmDa/n/37aFZSQdG1uUS+eqhcpsO9 root@ubuntu-xenial
-----END SSH HOST KEY KEYS-----
[   21.184787] cloud-init[1534]: Cloud-init v. 18.4-0ubuntu1~16.04.2 running 'modules:final' at Tue, 13 Nov 2018 16:34:07 +0000. Up 20.62 seconds.
[   21.201187] cloud-init[1534]: ci-info: no authorized ssh keys fingerprints found for user ubuntu.
[   21.206162] cloud-init[1534]: Cloud-init v. 18.4-0ubuntu1~16.04.2 finished at Tue, 13 Nov 2018 16:34:08 +0000. Datasource DataSourceNoCloud [seed=/dev/sdb][dsmode=net].  Up 21.17 seconds

Ubuntu 16.04.5 LTS ubuntu-xenial ttyS0

ubuntu-xenial login: 